The system is: Darwin - 19.6.0 - x86_64
Compiling the CXX compiler identification source file "CMakeCXXCompilerId.cpp" succeeded.
Compiler:  
Build flags: 
Id flags:  

The output was:
0
Command line invocation:
    /Applications/Xcode.app/Contents/Developer/usr/bin/xcodebuild

note: Using new build system
note: Planning build
note: Constructing build description
warning: Traditional headermap style is no longer supported; please migrate to using separate headermaps and set 'ALWAYS_SEARCH_USER_PATHS' to NO. (in target 'CompilerIdCXX' from project 'CompilerIdCXX')
CreateBuildDirectory /Users/Philipp/Documents/Codes/Forks/psopt/PSOPT/examples/CMakeFiles/3.17.3/CompilerIdCXX (in target 'CompilerIdCXX' from project 'CompilerIdCXX')
    cd /Users/Philipp/Documents/Codes/Forks/psopt/PSOPT/examples/CMakeFiles/3.17.3/CompilerIdCXX
    builtin-create-build-directory /Users/Philipp/Documents/Codes/Forks/psopt/PSOPT/examples/CMakeFiles/3.17.3/CompilerIdCXX

WriteAuxiliaryFile /Users/Philipp/Documents/Codes/Forks/psopt/PSOPT/examples/CMakeFiles/3.17.3/CompilerIdCXX/CompilerIdCXX.build/Debug/CompilerIdCXX.build/CompilerIdCXX-project-headers.hmap (in target 'CompilerIdCXX' from project 'CompilerIdCXX')
    cd /Users/Philipp/Documents/Codes/Forks/psopt/PSOPT/examples/CMakeFiles/3.17.3/CompilerIdCXX
    write-file /Users/Philipp/Documents/Codes/Forks/psopt/PSOPT/examples/CMakeFiles/3.17.3/CompilerIdCXX/CompilerIdCXX.build/Debug/CompilerIdCXX.build/CompilerIdCXX-project-headers.hmap

WriteAuxiliaryFile /Users/Philipp/Documents/Codes/Forks/psopt/PSOPT/examples/CMakeFiles/3.17.3/CompilerIdCXX/CompilerIdCXX.build/Debug/CompilerIdCXX.build/CompilerIdCXX-own-target-headers.hmap (in target 'CompilerIdCXX' from project 'CompilerIdCXX')
    cd /Users/Philipp/Documents/Codes/Forks/psopt/PSOPT/examples/CMakeFiles/3.17.3/CompilerIdCXX
    write-file /Users/Philipp/Documents/Codes/Forks/psopt/PSOPT/examples/CMakeFiles/3.17.3/CompilerIdCXX/CompilerIdCXX.build/Debug/CompilerIdCXX.build/CompilerIdCXX-own-target-headers.hmap

WriteAuxiliaryFile /Users/Philipp/Documents/Codes/Forks/psopt/PSOPT/examples/CMakeFiles/3.17.3/CompilerIdCXX/CompilerIdCXX.build/Debug/CompilerIdCXX.build/all-product-headers.yaml (in target 'CompilerIdCXX' from project 'CompilerIdCXX')
    cd /Users/Philipp/Documents/Codes/Forks/psopt/PSOPT/examples/CMakeFiles/3.17.3/CompilerIdCXX
    write-file /Users/Philipp/Documents/Codes/Forks/psopt/PSOPT/examples/CMakeFiles/3.17.3/CompilerIdCXX/CompilerIdCXX.build/Debug/CompilerIdCXX.build/all-product-headers.yaml

WriteAuxiliaryFile /Users/Philipp/Documents/Codes/Forks/psopt/PSOPT/examples/CMakeFiles/3.17.3/CompilerIdCXX/CompilerIdCXX.build/Debug/CompilerIdCXX.build/CompilerIdCXX.hmap (in target 'CompilerIdCXX' from project 'CompilerIdCXX')
    cd /Users/Philipp/Documents/Codes/Forks/psopt/PSOPT/examples/CMakeFiles/3.17.3/CompilerIdCXX
    write-file /Users/Philipp/Documents/Codes/Forks/psopt/PSOPT/examples/CMakeFiles/3.17.3/CompilerIdCXX/CompilerIdCXX.build/Debug/CompilerIdCXX.build/CompilerIdCXX.hmap

WriteAuxiliaryFile /Users/Philipp/Documents/Codes/Forks/psopt/PSOPT/examples/CMakeFiles/3.17.3/CompilerIdCXX/CompilerIdCXX.build/Debug/CompilerIdCXX.build/CompilerIdCXX-generated-files.hmap (in target 'CompilerIdCXX' from project 'CompilerIdCXX')
    cd /Users/Philipp/Documents/Codes/Forks/psopt/PSOPT/examples/CMakeFiles/3.17.3/CompilerIdCXX
    write-file /Users/Philipp/Documents/Codes/Forks/psopt/PSOPT/examples/CMakeFiles/3.17.3/CompilerIdCXX/CompilerIdCXX.build/Debug/CompilerIdCXX.build/CompilerIdCXX-generated-files.hmap

WriteAuxiliaryFile /Users/Philipp/Documents/Codes/Forks/psopt/PSOPT/examples/CMakeFiles/3.17.3/CompilerIdCXX/CompilerIdCXX.build/Debug/CompilerIdCXX.build/CompilerIdCXX-all-target-headers.hmap (in target 'CompilerIdCXX' from project 'CompilerIdCXX')
    cd /Users/Philipp/Documents/Codes/Forks/psopt/PSOPT/examples/CMakeFiles/3.17.3/CompilerIdCXX
    write-file /Users/Philipp/Documents/Codes/Forks/psopt/PSOPT/examples/CMakeFiles/3.17.3/CompilerIdCXX/CompilerIdCXX.build/Debug/CompilerIdCXX.build/CompilerIdCXX-all-target-headers.hmap

WriteAuxiliaryFile /Users/Philipp/Documents/Codes/Forks/psopt/PSOPT/examples/CMakeFiles/3.17.3/CompilerIdCXX/CompilerIdCXX.build/Debug/CompilerIdCXX.build/CompilerIdCXX-all-non-framework-target-headers.hmap (in target 'CompilerIdCXX' from project 'CompilerIdCXX')
    cd /Users/Philipp/Documents/Codes/Forks/psopt/PSOPT/examples/CMakeFiles/3.17.3/CompilerIdCXX
    write-file /Users/Philipp/Documents/Codes/Forks/psopt/PSOPT/examples/CMakeFiles/3.17.3/CompilerIdCXX/CompilerIdCXX.build/Debug/CompilerIdCXX.build/CompilerIdCXX-all-non-framework-target-headers.hmap

WriteAuxiliaryFile /Users/Philipp/Documents/Codes/Forks/psopt/PSOPT/examples/CMakeFiles/3.17.3/CompilerIdCXX/CompilerIdCXX.build/Debug/CompilerIdCXX.build/Objects-normal/x86_64/CompilerIdCXX.LinkFileList (in target 'CompilerIdCXX' from project 'CompilerIdCXX')
    cd /Users/Philipp/Documents/Codes/Forks/psopt/PSOPT/examples/CMakeFiles/3.17.3/CompilerIdCXX
    write-file /Users/Philipp/Documents/Codes/Forks/psopt/PSOPT/examples/CMakeFiles/3.17.3/CompilerIdCXX/CompilerIdCXX.build/Debug/CompilerIdCXX.build/Objects-normal/x86_64/CompilerIdCXX.LinkFileList

CompileC /Users/Philipp/Documents/Codes/Forks/psopt/PSOPT/examples/CMakeFiles/3.17.3/CompilerIdCXX/CompilerIdCXX.build/Debug/CompilerIdCXX.build/Objects-normal/x86_64/CMakeCXXCompilerId.o /Users/Philipp/Documents/Codes/Forks/psopt/PSOPT/examples/CMakeFiles/3.17.3/CompilerIdCXX/CMakeCXXCompilerId.cpp normal x86_64 c++ com.apple.compilers.llvm.clang.1_0.compiler (in target 'CompilerIdCXX' from project 'CompilerIdCXX')
    cd /Users/Philipp/Documents/Codes/Forks/psopt/PSOPT/examples/CMakeFiles/3.17.3/CompilerIdCXX
    export LANG=en_US.US-ASCII
    /Applications/Xcode.app/Contents/Developer/Toolchains/XcodeDefault.xctoolchain/usr/bin/clang -x c++ -target x86_64-apple-macos10.15 -fmessage-length=0 -fdiagnostics-show-note-include-stack -fmacro-backtrace-limit=0 -Wno-trigraphs -fpascal-strings -Os -Wno-missing-field-initializers -Wno-missing-prototypes -Wno-return-type -Wno-non-virtual-dtor -Wno-overloaded-virtual -Wno-exit-time-destructors -Wno-missing-braces -Wparentheses -Wswitch -Wno-unused-function -Wno-unused-label -Wno-unused-parameter -Wno-unused-variable -Wunused-value -Wno-empty-body -Wno-uninitialized -Wno-unknown-pragmas -Wno-shadow -Wno-four-char-constants -Wno-conversion -Wno-constant-conversion -Wno-int-conversion -Wno-bool-conversion -Wno-enum-conversion -Wno-float-conversion -Wno-non-literal-null-conversion -Wno-objc-literal-conversion -Wno-shorten-64-to-32 -Wno-newline-eof -Wno-c++11-extensions -isysroot /Applications/Xcode.app/Contents/Developer/Platforms/MacOSX.platform/Developer/SDKs/MacOSX10.15.sdk -fasm-blocks -fstrict-aliasing -Wdeprecated-declarations -Winvalid-offsetof -g -fvisibility=hidden -fvisibility-inlines-hidden -Wno-sign-conversion -Wno-infinite-recursion -Wno-move -Wno-comma -Wno-block-capture-autoreleasing -Wno-strict-prototypes -Wno-range-loop-analysis -Wno-semicolon-before-method-body -iquote /Users/Philipp/Documents/Codes/Forks/psopt/PSOPT/examples/CMakeFiles/3.17.3/CompilerIdCXX/CompilerIdCXX.build/Debug/CompilerIdCXX.build/CompilerIdCXX-generated-files.hmap -I/Users/Philipp/Documents/Codes/Forks/psopt/PSOPT/examples/CMakeFiles/3.17.3/CompilerIdCXX/CompilerIdCXX.build/Debug/CompilerIdCXX.build/CompilerIdCXX-own-target-headers.hmap -I/Users/Philipp/Documents/Codes/Forks/psopt/PSOPT/examples/CMakeFiles/3.17.3/CompilerIdCXX/CompilerIdCXX.build/Debug/CompilerIdCXX.build/CompilerIdCXX-all-target-headers.hmap -iquote /Users/Philipp/Documents/Codes/Forks/psopt/PSOPT/examples/CMakeFiles/3.17.3/CompilerIdCXX/CompilerIdCXX.build/Debug/CompilerIdCXX.build/CompilerIdCXX-project-headers.hmap -I/Users/Philipp/Documents/Codes/Forks/psopt/PSOPT/examples/CMakeFiles/3.17.3/CompilerIdCXX/include -I/Users/Philipp/Documents/Codes/Forks/psopt/PSOPT/examples/CMakeFiles/3.17.3/CompilerIdCXX/CompilerIdCXX.build/Debug/CompilerIdCXX.build/DerivedSources-normal/x86_64 -I/Users/Philipp/Documents/Codes/Forks/psopt/PSOPT/examples/CMakeFiles/3.17.3/CompilerIdCXX/CompilerIdCXX.build/Debug/CompilerIdCXX.build/DerivedSources/x86_64 -I/Users/Philipp/Documents/Codes/Forks/psopt/PSOPT/examples/CMakeFiles/3.17.3/CompilerIdCXX/CompilerIdCXX.build/Debug/CompilerIdCXX.build/DerivedSources -F/Users/Philipp/Documents/Codes/Forks/psopt/PSOPT/examples/CMakeFiles/3.17.3/CompilerIdCXX -MMD -MT dependencies -MF /Users/Philipp/Documents/Codes/Forks/psopt/PSOPT/examples/CMakeFiles/3.17.3/CompilerIdCXX/CompilerIdCXX.build/Debug/CompilerIdCXX.build/Objects-normal/x86_64/CMakeCXXCompilerId.d --serialize-diagnostics /Users/Philipp/Documents/Codes/Forks/psopt/PSOPT/examples/CMakeFiles/3.17.3/CompilerIdCXX/CompilerIdCXX.build/Debug/CompilerIdCXX.build/Objects-normal/x86_64/CMakeCXXCompilerId.dia -c /Users/Philipp/Documents/Codes/Forks/psopt/PSOPT/examples/CMakeFiles/3.17.3/CompilerIdCXX/CMakeCXXCompilerId.cpp -o /Users/Philipp/Documents/Codes/Forks/psopt/PSOPT/examples/CMakeFiles/3.17.3/CompilerIdCXX/CompilerIdCXX.build/Debug/CompilerIdCXX.build/Objects-normal/x86_64/CMakeCXXCompilerId.o

Ld /Users/Philipp/Documents/Codes/Forks/psopt/PSOPT/examples/CMakeFiles/3.17.3/CompilerIdCXX/CompilerIdCXX normal x86_64 (in target 'CompilerIdCXX' from project 'CompilerIdCXX')
    cd /Users/Philipp/Documents/Codes/Forks/psopt/PSOPT/examples/CMakeFiles/3.17.3/CompilerIdCXX
    /Applications/Xcode.app/Contents/Developer/Toolchains/XcodeDefault.xctoolchain/usr/bin/clang++ -target x86_64-apple-macos10.15 -isysroot /Applications/Xcode.app/Contents/Developer/Platforms/MacOSX.platform/Developer/SDKs/MacOSX10.15.sdk -L/Users/Philipp/Documents/Codes/Forks/psopt/PSOPT/examples/CMakeFiles/3.17.3/CompilerIdCXX -F/Users/Philipp/Documents/Codes/Forks/psopt/PSOPT/examples/CMakeFiles/3.17.3/CompilerIdCXX -filelist /Users/Philipp/Documents/Codes/Forks/psopt/PSOPT/examples/CMakeFiles/3.17.3/CompilerIdCXX/CompilerIdCXX.build/Debug/CompilerIdCXX.build/Objects-normal/x86_64/CompilerIdCXX.LinkFileList -Xlinker -object_path_lto -Xlinker /Users/Philipp/Documents/Codes/Forks/psopt/PSOPT/examples/CMakeFiles/3.17.3/CompilerIdCXX/CompilerIdCXX.build/Debug/CompilerIdCXX.build/Objects-normal/x86_64/CompilerIdCXX_lto.o -Xlinker -dependency_info -Xlinker /Users/Philipp/Documents/Codes/Forks/psopt/PSOPT/examples/CMakeFiles/3.17.3/CompilerIdCXX/CompilerIdCXX.build/Debug/CompilerIdCXX.build/Objects-normal/x86_64/CompilerIdCXX_dependency_info.dat -o /Users/Philipp/Documents/Codes/Forks/psopt/PSOPT/examples/CMakeFiles/3.17.3/CompilerIdCXX/CompilerIdCXX

WriteAuxiliaryFile /Users/Philipp/Documents/Codes/Forks/psopt/PSOPT/examples/CMakeFiles/3.17.3/CompilerIdCXX/CompilerIdCXX.build/Debug/CompilerIdCXX.build/Script-2C8FEB8E15DC1A1A00E56A5D.sh (in target 'CompilerIdCXX' from project 'CompilerIdCXX')
    cd /Users/Philipp/Documents/Codes/Forks/psopt/PSOPT/examples/CMakeFiles/3.17.3/CompilerIdCXX
    write-file /Users/Philipp/Documents/Codes/Forks/psopt/PSOPT/examples/CMakeFiles/3.17.3/CompilerIdCXX/CompilerIdCXX.build/Debug/CompilerIdCXX.build/Script-2C8FEB8E15DC1A1A00E56A5D.sh

PhaseScriptExecution Run\ Script /Users/Philipp/Documents/Codes/Forks/psopt/PSOPT/examples/CMakeFiles/3.17.3/CompilerIdCXX/CompilerIdCXX.build/Debug/CompilerIdCXX.build/Script-2C8FEB8E15DC1A1A00E56A5D.sh (in target 'CompilerIdCXX' from project 'CompilerIdCXX')
    cd /Users/Philipp/Documents/Codes/Forks/psopt/PSOPT/examples/CMakeFiles/3.17.3/CompilerIdCXX
    /bin/sh -c /Users/Philipp/Documents/Codes/Forks/psopt/PSOPT/examples/CMakeFiles/3.17.3/CompilerIdCXX/CompilerIdCXX.build/Debug/CompilerIdCXX.build/Script-2C8FEB8E15DC1A1A00E56A5D.sh
GCC_VERSION=com.apple.compilers.llvm.clang.1_0
ARCHS=x86_64

RegisterExecutionPolicyException /Users/Philipp/Documents/Codes/Forks/psopt/PSOPT/examples/CMakeFiles/3.17.3/CompilerIdCXX/CompilerIdCXX (in target 'CompilerIdCXX' from project 'CompilerIdCXX')
    cd /Users/Philipp/Documents/Codes/Forks/psopt/PSOPT/examples/CMakeFiles/3.17.3/CompilerIdCXX
    builtin-RegisterExecutionPolicyException /Users/Philipp/Documents/Codes/Forks/psopt/PSOPT/examples/CMakeFiles/3.17.3/CompilerIdCXX/CompilerIdCXX
note: Execution policy exception registration failed and was skipped: Error Domain=NSPOSIXErrorDomain Code=1 "Operation not permitted" (in target 'CompilerIdCXX' from project 'CompilerIdCXX')

** BUILD SUCCEEDED **



Compilation of the CXX compiler identification source "CMakeCXXCompilerId.cpp" produced "CompilerIdCXX"

The CXX compiler identification is AppleClang, found in "/Users/Philipp/Documents/Codes/Forks/psopt/PSOPT/examples/CMakeFiles/3.17.3/CompilerIdCXX/CompilerIdCXX"

Determining if the CXX compiler works passed with the following output:
Change Dir: /Users/Philipp/Documents/Codes/Forks/psopt/PSOPT/examples/CMakeFiles/CMakeTmp

Run Build Command(s):/usr/bin/xcodebuild -project CMAKE_TRY_COMPILE.xcodeproj build -target cmTC_ed568 -configuration Debug -hideShellScriptEnvironment && Command line invocation:
    /Applications/Xcode.app/Contents/Developer/usr/bin/xcodebuild -project CMAKE_TRY_COMPILE.xcodeproj build -target cmTC_ed568 -configuration Debug -hideShellScriptEnvironment

User defaults from command line:
    HideShellScriptEnvironment = YES

Prepare build
note: Using legacy build system
=== BUILD TARGET cmTC_ed568 OF PROJECT CMAKE_TRY_COMPILE WITH CONFIGURATION Debug ===

Check dependencies

Write auxiliary files
/bin/mkdir -p /Users/Philipp/Documents/Codes/Forks/psopt/PSOPT/examples/CMakeFiles/CMakeTmp/CMAKE_TRY_COMPILE.build/Debug/cmTC_ed568.build/Objects-normal/x86_64
write-file /Users/Philipp/Documents/Codes/Forks/psopt/PSOPT/examples/CMakeFiles/CMakeTmp/CMAKE_TRY_COMPILE.build/Debug/cmTC_ed568.build/Objects-normal/x86_64/cmTC_ed568.LinkFileList

CompileC CMAKE_TRY_COMPILE.build/Debug/cmTC_ed568.build/Objects-normal/x86_64/testCXXCompiler.o testCXXCompiler.cxx normal x86_64 c++ com.apple.compilers.llvm.clang.1_0.compiler
    cd /Users/Philipp/Documents/Codes/Forks/psopt/PSOPT/examples/CMakeFiles/CMakeTmp
    /Applications/Xcode.app/Contents/Developer/Toolchains/XcodeDefault.xctoolchain/usr/bin/clang -x c++ -target x86_64-apple-macos10.15 -fmessage-length=0 -fdiagnostics-show-note-include-stack -fmacro-backtrace-limit=0 -Wno-trigraphs -fpascal-strings -O0 -Wno-missing-field-initializers -Wno-missing-prototypes -Wno-return-type -Wno-non-virtual-dtor -Wno-overloaded-virtual -Wno-exit-time-destructors -Wno-missing-braces -Wparentheses -Wswitch -Wno-unused-function -Wno-unused-label -Wno-unused-parameter -Wno-unused-variable -Wunused-value -Wno-empty-body -Wno-uninitialized -Wno-unknown-pragmas -Wno-shadow -Wno-four-char-constants -Wno-conversion -Wno-constant-conversion -Wno-int-conversion -Wno-bool-conversion -Wno-enum-conversion -Wno-float-conversion -Wno-non-literal-null-conversion -Wno-objc-literal-conversion -Wno-shorten-64-to-32 -Wno-newline-eof -Wno-c++11-extensions -DCMAKE_INTDIR=\"Debug\" -isysroot /Applications/Xcode.app/Contents/Developer/Platforms/MacOSX.platform/Developer/SDKs/MacOSX10.15.sdk -fasm-blocks -fstrict-aliasing -Wdeprecated-declarations -Winvalid-offsetof -g -Wno-sign-conversion -Wno-infinite-recursion -Wno-move -Wno-comma -Wno-block-capture-autoreleasing -Wno-strict-prototypes -Wno-range-loop-analysis -Wno-semicolon-before-method-body -I/Users/Philipp/Documents/Codes/Forks/psopt/PSOPT/examples/CMakeFiles/CMakeTmp/Debug/include -I/Users/Philipp/Documents/Codes/Forks/psopt/PSOPT/examples/CMakeFiles/CMakeTmp/CMAKE_TRY_COMPILE.build/Debug/cmTC_ed568.build/DerivedSources-normal/x86_64 -I/Users/Philipp/Documents/Codes/Forks/psopt/PSOPT/examples/CMakeFiles/CMakeTmp/CMAKE_TRY_COMPILE.build/Debug/cmTC_ed568.build/DerivedSources/x86_64 -I/Users/Philipp/Documents/Codes/Forks/psopt/PSOPT/examples/CMakeFiles/CMakeTmp/CMAKE_TRY_COMPILE.build/Debug/cmTC_ed568.build/DerivedSources -F/Users/Philipp/Documents/Codes/Forks/psopt/PSOPT/examples/CMakeFiles/CMakeTmp/Debug -MMD -MT dependencies -MF /Users/Philipp/Documents/Codes/Forks/psopt/PSOPT/examples/CMakeFiles/CMakeTmp/CMAKE_TRY_COMPILE.build/Debug/cmTC_ed568.build/Objects-normal/x86_64/testCXXCompiler.d --serialize-diagnostics /Users/Philipp/Documents/Codes/Forks/psopt/PSOPT/examples/CMakeFiles/CMakeTmp/CMAKE_TRY_COMPILE.build/Debug/cmTC_ed568.build/Objects-normal/x86_64/testCXXCompiler.dia -c /Users/Philipp/Documents/Codes/Forks/psopt/PSOPT/examples/CMakeFiles/CMakeTmp/testCXXCompiler.cxx -o /Users/Philipp/Documents/Codes/Forks/psopt/PSOPT/examples/CMakeFiles/CMakeTmp/CMAKE_TRY_COMPILE.build/Debug/cmTC_ed568.build/Objects-normal/x86_64/testCXXCompiler.o

Ld Debug/cmTC_ed568 normal x86_64
    cd /Users/Philipp/Documents/Codes/Forks/psopt/PSOPT/examples/CMakeFiles/CMakeTmp
    /Applications/Xcode.app/Contents/Developer/Toolchains/XcodeDefault.xctoolchain/usr/bin/clang++ -target x86_64-apple-macos10.15 -isysroot /Applications/Xcode.app/Contents/Developer/Platforms/MacOSX.platform/Developer/SDKs/MacOSX10.15.sdk -L/Users/Philipp/Documents/Codes/Forks/psopt/PSOPT/examples/CMakeFiles/CMakeTmp/Debug -F/Users/Philipp/Documents/Codes/Forks/psopt/PSOPT/examples/CMakeFiles/CMakeTmp/Debug -filelist /Users/Philipp/Documents/Codes/Forks/psopt/PSOPT/examples/CMakeFiles/CMakeTmp/CMAKE_TRY_COMPILE.build/Debug/cmTC_ed568.build/Objects-normal/x86_64/cmTC_ed568.LinkFileList -Xlinker -object_path_lto -Xlinker /Users/Philipp/Documents/Codes/Forks/psopt/PSOPT/examples/CMakeFiles/CMakeTmp/CMAKE_TRY_COMPILE.build/Debug/cmTC_ed568.build/Objects-normal/x86_64/cmTC_ed568_lto.o -Xlinker -no_deduplicate -Wl,-search_paths_first -Wl,-headerpad_max_install_names -Xlinker -dependency_info -Xlinker /Users/Philipp/Documents/Codes/Forks/psopt/PSOPT/examples/CMakeFiles/CMakeTmp/CMAKE_TRY_COMPILE.build/Debug/cmTC_ed568.build/Objects-normal/x86_64/cmTC_ed568_dependency_info.dat -o /Users/Philipp/Documents/Codes/Forks/psopt/PSOPT/examples/CMakeFiles/CMakeTmp/Debug/cmTC_ed568

ProcessProductPackaging "" CMAKE_TRY_COMPILE.build/Debug/cmTC_ed568.build/cmTC_ed568.xcent
    cd /Users/Philipp/Documents/Codes/Forks/psopt/PSOPT/examples/CMakeFiles/CMakeTmp
    

Entitlements:

{
    "com.apple.security.get-task-allow" = 1;
}


    builtin-productPackagingUtility -entitlements -format xml -o /Users/Philipp/Documents/Codes/Forks/psopt/PSOPT/examples/CMakeFiles/CMakeTmp/CMAKE_TRY_COMPILE.build/Debug/cmTC_ed568.build/cmTC_ed568.xcent

CodeSign Debug/cmTC_ed568
    cd /Users/Philipp/Documents/Codes/Forks/psopt/PSOPT/examples/CMakeFiles/CMakeTmp
    
Signing Identity:     "-"

    /usr/bin/codesign --force --sign - --entitlements /Users/Philipp/Documents/Codes/Forks/psopt/PSOPT/examples/CMakeFiles/CMakeTmp/CMAKE_TRY_COMPILE.build/Debug/cmTC_ed568.build/cmTC_ed568.xcent --timestamp=none /Users/Philipp/Documents/Codes/Forks/psopt/PSOPT/examples/CMakeFiles/CMakeTmp/Debug/cmTC_ed568

** BUILD SUCCEEDED **




